TN:
SF:src/ERC721EnumPlayer.sol
FN:17,ERC721EnumPlayer.getTokenId
FNDA:1,ERC721EnumPlayer.getTokenId
DA:18,1
FN:21,ERC721EnumPlayer.getSpecialItems
FNDA:1,ERC721EnumPlayer.getSpecialItems
DA:22,1
DA:23,1
DA:25,20
DA:26,20
BRDA:26,0,0,8
BRDA:26,0,1,20
DA:27,8
DA:29,20
DA:32,1
FN:35,ERC721EnumPlayer.mint
FNDA:20,ERC721EnumPlayer.mint
DA:36,20
DA:37,20
FN:40,ERC721EnumPlayer._isPrime
FNDA:20,ERC721EnumPlayer._isPrime
DA:41,20
BRDA:41,1,0,1
BRDA:41,1,1,19
DA:42,19
BRDA:42,2,0,1
BRDA:42,2,1,18
DA:43,18
DA:45,40
BRDA:45,3,0,11
BRDA:45,3,1,29
DA:46,29
DA:49,7
FNF:4
FNH:4
LF:16
LH:16
BRF:8
BRH:8
end_of_record
TN:
SF:src/staking/ERC20Reward.sol
FN:16,ERC20Reward.mint
FNDA:1,ERC20Reward.mint
DA:17,1
DA:18,1
FNF:1
FNH:1
LF:2
LH:2
BRF:0
BRH:0
end_of_record
TN:
SF:src/staking/ERC721Staking.sol
FN:27,ERC721Staking.publicMint
FNDA:4,ERC721Staking.publicMint
DA:28,4
BRDA:28,0,0,-
BRDA:28,0,1,4
DA:29,4
FN:32,ERC721Staking.privateMint
FNDA:3,ERC721Staking.privateMint
DA:33,3
BRDA:33,1,0,-
BRDA:33,1,1,3
DA:34,3
DA:35,2
FN:38,ERC721Staking.withdraw
FNDA:1,ERC721Staking.withdraw
DA:39,1
DA:40,1
BRDA:40,2,0,1
BRDA:40,2,1,-
DA:41,0
DA:42,0
BRDA:42,3,0,-
BRDA:42,3,1,-
FN:45,ERC721Staking.supportsInterface
FNDA:0,ERC721Staking.supportsInterface
DA:46,0
FN:49,ERC721Staking._pMint
FNDA:6,ERC721Staking._pMint
DA:50,6
DA:51,6
BRDA:51,4,0,-
BRDA:51,4,1,6
DA:52,6
DA:53,6
FN:56,ERC721Staking._validateMerkleTree
FNDA:3,ERC721Staking._validateMerkleTree
DA:58,3
BRDA:58,5,0,1
BRDA:58,5,1,2
DA:61,2
BRDA:61,6,0,-
BRDA:61,6,1,2
DA:67,2
FNF:6
FNH:5
LF:17
LH:14
BRF:14
BRH:7
end_of_record
TN:
SF:src/staking/StakeOperator.sol
FN:25,StakeOperator.setERC20Reward
FNDA:0,StakeOperator.setERC20Reward
DA:26,0
FN:29,StakeOperator.claimReward
FNDA:2,StakeOperator.claimReward
DA:30,2
BRDA:30,0,0,-
BRDA:30,0,1,2
DA:31,2
BRDA:31,1,0,1
BRDA:31,1,1,1
DA:33,1
DA:34,1
DA:35,1
DA:37,1
FN:40,StakeOperator.onERC721Received
FNDA:1,StakeOperator.onERC721Received
DA:44,1
BRDA:44,2,0,-
BRDA:44,2,1,1
DA:45,1
DA:46,1
DA:47,1
DA:48,1
FNF:3
FNH:2
LF:12
LH:11
BRF:6
BRH:4
end_of_record
TN:
SF:src/utils/MerkleTreeGenerator.sol
FN:8,MerkleTreeGenerator.generateMerkleTree
FNDA:0,MerkleTreeGenerator.generateMerkleTree
DA:9,0
BRDA:9,0,0,-
BRDA:9,0,1,-
DA:11,0
DA:13,0
DA:14,0
DA:17,0
DA:18,0
DA:21,0
FN:24,MerkleTreeGenerator.getProof
FNDA:2,MerkleTreeGenerator.getProof
DA:25,2
DA:27,2
DA:28,8
DA:29,6
DA:30,6
DA:32,2
FN:35,MerkleTreeGenerator.getIndex
FNDA:0,MerkleTreeGenerator.getIndex
DA:36,0
DA:37,0
BRDA:37,1,0,-
BRDA:37,1,1,-
DA:38,0
DA:41,0
FN:44,MerkleTreeGenerator._hashPair
FNDA:0,MerkleTreeGenerator._hashPair
DA:45,0
FN:48,MerkleTreeGenerator._leftChildIndex
FNDA:0,MerkleTreeGenerator._leftChildIndex
DA:49,0
FN:52,MerkleTreeGenerator._rightChildIndex
FNDA:0,MerkleTreeGenerator._rightChildIndex
DA:53,0
FN:56,MerkleTreeGenerator._checkLeafNode
FNDA:2,MerkleTreeGenerator._checkLeafNode
DA:57,2
BRDA:57,2,0,-
BRDA:57,2,1,2
FN:60,MerkleTreeGenerator._siblingIndex
FNDA:6,MerkleTreeGenerator._siblingIndex
DA:61,6
BRDA:61,3,0,2
BRDA:61,3,1,4
DA:62,2
DA:64,4
FN:68,MerkleTreeGenerator._concatenate
FNDA:6,MerkleTreeGenerator._concatenate
DA:69,6
DA:70,6
DA:71,6
DA:73,6
DA:74,6
FN:77,MerkleTreeGenerator._parentIndex
FNDA:6,MerkleTreeGenerator._parentIndex
DA:78,6
FNF:10
FNH:5
LF:30
LH:16
BRF:8
BRH:3
end_of_record
TN:
SF:test/TestHelper.t.sol
FN:43,TestHelper.setUp
FNDA:0,TestHelper.setUp
DA:44,0
DA:46,0
DA:47,0
DA:48,0
DA:49,0
DA:50,0
DA:51,0
DA:52,0
DA:54,0
DA:55,0
DA:56,0
BRDA:56,0,0,-
BRDA:56,0,1,-
DA:58,0
DA:59,0
DA:60,0
BRDA:60,1,0,-
BRDA:60,1,1,-
DA:62,0
DA:63,0
DA:64,0
DA:65,0
DA:67,0
DA:69,0
FN:72,TestHelper.getProof
FNDA:0,TestHelper.getProof
DA:73,0
FN:76,TestHelper.mintEther
FNDA:0,TestHelper.mintEther
DA:77,0
DA:78,0
DA:79,0
DA:80,0
FN:83,TestHelper.validateMerkleRoot
FNDA:0,TestHelper.validateMerkleRoot
DA:84,0
DA:85,0
DA:86,0
DA:87,0
DA:88,0
DA:89,0
DA:91,0
BRDA:91,2,0,-
BRDA:91,2,1,-
DA:92,0
DA:94,0
DA:97,0
BRDA:97,3,0,-
BRDA:97,3,1,-
DA:98,0
DA:100,0
DA:103,0
BRDA:103,4,0,-
BRDA:103,4,1,-
DA:104,0
DA:106,0
DA:109,0
BRDA:109,5,0,-
BRDA:109,5,1,-
DA:110,0
DA:112,0
DA:115,0
BRDA:115,6,0,-
BRDA:115,6,1,-
DA:116,0
DA:118,0
FNF:4
FNH:0
LF:46
LH:0
BRF:14
BRH:0
end_of_record
